<?xml version="1.0" encoding="UTF-8"?>
<!-- Generated by org.testng.reporters.JUnitReportReporter -->
<testsuite hostname="DESKTOP-THGT54K" failures="0" tests="1" name="com.sample.program.Course" time="6.329" errors="0" timestamp="2023-04-15T10:17:33 IST" skipped="0">
  <testcase classname="com.sample.program.Course" name="loginToSimplilearnApp" time="6.329"/>
  <system-out/>
</testsuite> <!-- com.sample.program.Course -->
